<?xml version="1.0" encoding="UTF-8"?>
<testsuite xmlns:xsi="http://www.w3.org/2001/XMLSchema-instance" xsi:noNamespaceSchemaLocation="https://maven.apache.org/surefire/maven-surefire-plugin/xsd/surefire-test-report-3.0.xsd" version="3.0" name="com.kagan.ml.GridTest$Logic" time="0.02" tests="5" errors="0" skipped="0" failures="0">
  <properties>
[...]
</properties>
  <testcase name="isHorizontalLogical_shouldReturnTrue" classname="com.kagan.ml.GridTest$Logic" time="0.01"/>
  <testcase name="isVerticalLogical_shouldReturnTrue" classname="com.kagan.ml.GridTest$Logic" time="0.001"/>
  <testcase name="getAvailableMoves_shouldReturnList" classname="com.kagan.ml.GridTest$Logic" time="0.001"/>
  <testcase name="undo_shouldClearMove" classname="com.kagan.ml.GridTest$Logic" time="0.001"/>
  <testcase name="isDiagonalLogical_shouldReturnTrue" classname="com.kagan.ml.GridTest$Logic" time="0.001"/>
</testsuite>